<?xml version="1.0" encoding="UTF-8"?>
<!-- Generated by org.testng.reporters.JUnitReportReporter -->
<testsuite hostname="chaithanya" failures="0" tests="1" name="org.example.logout" time="4.102" errors="0" timestamp="2024-10-18T12:32:50 IST" skipped="0">
  <testcase classname="org.example.logout" name="logOutFunctionality" time="4.102"/>
</testsuite> <!-- org.example.logout -->
