<?xml version="1.0" encoding="UTF-8"?>
<!-- Generated by org.testng.reporters.JUnitReportReporter -->
<testsuite hostname="chaithanya" failures="0" tests="8" name="org.example.JobsPageTest" time="32.323" errors="0" timestamp="2024-10-18T12:32:50 IST" skipped="0">
  <testcase classname="org.example.JobsPageTest" name="profileUI" time="3.954"/>
  <testcase classname="org.example.JobsPageTest" name="successfulSearch" time="4.384"/>
  <testcase classname="org.example.JobsPageTest" name="successfulSearch" time="3.882"/>
  <testcase classname="org.example.JobsPageTest" name="successfulSearch" time="5.072"/>
  <testcase classname="org.example.JobsPageTest" name="successfulSearch" time="3.728"/>
  <testcase classname="org.example.JobsPageTest" name="successfulSearch" time="3.703"/>
  <testcase classname="org.example.JobsPageTest" name="successfulSearch" time="3.749"/>
  <testcase classname="org.example.JobsPageTest" name="unsuccessfulSearch" time="3.851"/>
</testsuite> <!-- org.example.JobsPageTest -->
