<?xml version="1.0" encoding="UTF-8"?>
<!-- Generated by org.testng.reporters.JUnitReportReporter -->
<testsuite hostname="chaithanya" failures="0" tests="2" name="org.example.HomePageTest" time="9.864" errors="0" timestamp="2024-10-18T12:32:50 IST" skipped="0">
  <testcase classname="org.example.HomePageTest" name="homepageHeading" time="3.845"/>
  <testcase classname="org.example.HomePageTest" name="findJobs" time="6.019"/>
</testsuite> <!-- org.example.HomePageTest -->
