<?xml version="1.0" encoding="UTF-8"?>
<!-- Generated by org.testng.reporters.JUnitReportReporter -->
<testsuite hostname="chaithanya" failures="0" tests="5" name="org.example.HeaderSectionTest" time="22.013" errors="0" timestamp="2024-10-18T12:32:50 IST" skipped="0">
  <testcase classname="org.example.HeaderSectionTest" name="appLogoImage" time="3.774"/>
  <testcase classname="org.example.HeaderSectionTest" name="navBarHome" time="6.008"/>
  <testcase classname="org.example.HeaderSectionTest" name="appLogoLink" time="4.210"/>
  <testcase classname="org.example.HeaderSectionTest" name="navBarHOme" time="4.342"/>
  <testcase classname="org.example.HeaderSectionTest" name="logOut" time="3.679"/>
</testsuite> <!-- org.example.HeaderSectionTest -->
