<?xml version="1.0" encoding="UTF-8"?>
<!-- Generated by org.testng.reporters.JUnitReportReporter -->
<testsuite hostname="chaithanya" failures="0" tests="6" name="org.example.LoginPageTest" time="18.454" errors="0" timestamp="2024-10-18T12:32:50 IST" skipped="0">
  <testcase classname="org.example.LoginPageTest" name="loginPageUI" time="2.996"/>
  <testcase classname="org.example.LoginPageTest" name="emptyInput" time="2.839"/>
  <testcase classname="org.example.LoginPageTest" name="emptyUsername" time="3.078"/>
  <testcase classname="org.example.LoginPageTest" name="emptyPassword" time="2.792"/>
  <testcase classname="org.example.LoginPageTest" name="invalidPassword" time="3.182"/>
  <testcase classname="org.example.LoginPageTest" name="successfulLogin" time="3.567"/>
</testsuite> <!-- org.example.LoginPageTest -->
